-------------------------------------------------------------------------------
Test set: com.mdx.AppTest
-------------------------------------------------------------------------------
Tests run: 7, Failures: 0, Errors: 6, Skipped: 0, Time elapsed: 0.219 s <<< FAILURE! -- in com.mdx.AppTest
com.mdx.AppTest.testLecturaOpcion_Si -- Time elapsed: 0.019 s <<< ERROR!
java.util.NoSuchElementException: No line found
	at java.base/java.util.Scanner.nextLine(Scanner.java:1660)
	at com.mdx.App.lectura_opcion(App.java:33)
	at com.mdx.AppTest.testLecturaOpcion_Si(AppTest.java:47)
	at java.base/java.lang.reflect.Method.invoke(Method.java:580)
	at java.base/java.util.ArrayList.forEach(ArrayList.java:1596)
	at java.base/java.util.ArrayList.forEach(ArrayList.java:1596)

com.mdx.AppTest.testCrearPersona -- Time elapsed: 0.006 s <<< ERROR!
java.util.NoSuchElementException: No line found
	at java.base/java.util.Scanner.nextLine(Scanner.java:1660)
	at com.mdx.App.lectura_opcion(App.java:33)
	at com.mdx.App.crear_persona(App.java:59)
	at com.mdx.AppTest.testCrearPersona(AppTest.java:71)
	at java.base/java.lang.reflect.Method.invoke(Method.java:580)
	at java.base/java.util.ArrayList.forEach(ArrayList.java:1596)
	at java.base/java.util.ArrayList.forEach(ArrayList.java:1596)

com.mdx.AppTest.testLecturaNumero_Valido -- Time elapsed: 0.008 s <<< ERROR!
java.util.NoSuchElementException
	at java.base/java.util.Scanner.throwFor(Scanner.java:945)
	at java.base/java.util.Scanner.next(Scanner.java:1602)
	at java.base/java.util.Scanner.nextInt(Scanner.java:2267)
	at java.base/java.util.Scanner.nextInt(Scanner.java:2221)
	at com.mdx.App.lectura_número(App.java:13)
	at com.mdx.AppTest.testLecturaNumero_Valido(AppTest.java:31)
	at java.base/java.lang.reflect.Method.invoke(Method.java:580)
	at java.base/java.util.ArrayList.forEach(ArrayList.java:1596)
	at java.base/java.util.ArrayList.forEach(ArrayList.java:1596)

com.mdx.AppTest.testLecturaNumero_InvalidoLuegoValido -- Time elapsed: 0.005 s <<< ERROR!
java.util.NoSuchElementException
	at java.base/java.util.Scanner.throwFor(Scanner.java:945)
	at java.base/java.util.Scanner.next(Scanner.java:1602)
	at java.base/java.util.Scanner.nextInt(Scanner.java:2267)
	at java.base/java.util.Scanner.nextInt(Scanner.java:2221)
	at com.mdx.App.lectura_número(App.java:13)
	at com.mdx.AppTest.testLecturaNumero_InvalidoLuegoValido(AppTest.java:39)
	at java.base/java.lang.reflect.Method.invoke(Method.java:580)
	at java.base/java.util.ArrayList.forEach(ArrayList.java:1596)
	at java.base/java.util.ArrayList.forEach(ArrayList.java:1596)

com.mdx.AppTest.testLecturaOpcion_InvalidaLuegoSi -- Time elapsed: 0.011 s <<< ERROR!
java.util.NoSuchElementException: No line found
	at java.base/java.util.Scanner.nextLine(Scanner.java:1660)
	at com.mdx.App.lectura_opcion(App.java:33)
	at com.mdx.AppTest.testLecturaOpcion_InvalidaLuegoSi(AppTest.java:63)
	at java.base/java.lang.reflect.Method.invoke(Method.java:580)
	at java.base/java.util.ArrayList.forEach(ArrayList.java:1596)
	at java.base/java.util.ArrayList.forEach(ArrayList.java:1596)

com.mdx.AppTest.testCrearEspacio -- Time elapsed: 0.009 s <<< ERROR!
java.util.NoSuchElementException
	at java.base/java.util.Scanner.throwFor(Scanner.java:945)
	at java.base/java.util.Scanner.next(Scanner.java:1602)
	at java.base/java.util.Scanner.nextInt(Scanner.java:2267)
	at java.base/java.util.Scanner.nextInt(Scanner.java:2221)
	at com.mdx.App.lectura_número(App.java:13)
	at com.mdx.App.crear_espacio(App.java:84)
	at com.mdx.AppTest.testCrearEspacio(AppTest.java:84)
	at java.base/java.lang.reflect.Method.invoke(Method.java:580)
	at java.base/java.util.ArrayList.forEach(ArrayList.java:1596)
	at java.base/java.util.ArrayList.forEach(ArrayList.java:1596)

